\BOOKMARK [0][-]{chapter*.2}{\376\377\000A\000b\000s\000t\000r\000a\000c\000t}{}% 1
\BOOKMARK [0][-]{chapter.1}{\376\377\000I\000n\000t\000r\000o\000d\000u\000c\000t\000i\000o\000n\000\040\000-\000\040\000A\000d\000d\000\040\000t\000h\000i\000s\000\040\000t\000o\000\040\000A\000b\000s\000t\000r\000a\000c\000t\000?}{}% 2
\BOOKMARK [1][-]{section.1.1}{\376\377\000M\000o\000t\000i\000v\000a\000t\000i\000o\000n}{chapter.1}% 3
\BOOKMARK [1][-]{section.1.2}{\376\377\000P\000r\000o\000b\000l\000e\000m\000\040\000S\000t\000a\000t\000e\000m\000e\000n\000t}{chapter.1}% 4
\BOOKMARK [1][-]{section.1.3}{\376\377\000C\000o\000n\000t\000r\000i\000b\000u\000t\000i\000o\000n\000s}{chapter.1}% 5
\BOOKMARK [1][-]{section.1.4}{\376\377\000V\000M\000\040\000R\000e\000s\000e\000a\000r\000c\000h}{chapter.1}% 6
\BOOKMARK [1][-]{section.1.5}{\376\377\000V\000M\000\040\000N\000e\000t\000w\000o\000r\000k}{chapter.1}% 7
\BOOKMARK [1][-]{section.1.6}{\376\377\000B\000i\000n\000d\0009}{chapter.1}% 8
\BOOKMARK [0][-]{chapter.2}{\376\377\000I\000n\000t\000r\000o\000d\000u\000c\000t\000i\000o\000n\000\040\000t\000o\000\040\000t\000h\000e\000\040\000D\000o\000m\000a\000i\000n\000\040\000N\000a\000m\000i\000n\000g\000\040\000S\000y\000s\000t\000e\000m}{}% 9
\BOOKMARK [1][-]{section.2.1}{\376\377\000D\000N\000S\000\040\000B\000a\000c\000k\000g\000r\000o\000u\000n\000d}{chapter.2}% 10
\BOOKMARK [2][-]{subsection.2.1.1}{\376\377\000D\000N\000S\000\040\000R\000e\000s\000o\000u\000r\000c\000e\000\040\000R\000e\000c\000o\000r\000d\000s}{section.2.1}% 11
\BOOKMARK [1][-]{section.2.2}{\376\377\000T\000h\000e\000\040\000D\000N\000S\000\040\000E\000n\000v\000i\000r\000o\000n\000m\000e\000n\000t}{chapter.2}% 12
\BOOKMARK [2][-]{subsection.2.2.1}{\376\377\000E\000n\000v\000i\000r\000o\000n\000m\000e\000n\000t\000\040\000Z\000o\000n\000e\000s}{section.2.2}% 13
\BOOKMARK [1][-]{section.2.3}{\376\377\000D\000N\000S\000\040\000V\000u\000l\000n\000e\000r\000a\000b\000i\000l\000i\000t\000i\000e\000s}{chapter.2}% 14
\BOOKMARK [2][-]{subsection.2.3.1}{\376\377\000D\000N\000S\000\040\000S\000p\000o\000o\000f\000i\000n\000g\000/\000C\000a\000c\000h\000e\000\040\000P\000o\000i\000s\000o\000n\000i\000n\000g}{section.2.3}% 15
\BOOKMARK [2][-]{subsection.2.3.2}{\376\377\000D\000N\000S\000\040\000H\000i\000j\000a\000c\000k\000i\000n\000g}{section.2.3}% 16
\BOOKMARK [1][-]{section.2.4}{\376\377\000D\000N\000S\000\040\000A\000t\000t\000a\000c\000k\000s}{chapter.2}% 17
\BOOKMARK [0][-]{chapter.3}{\376\377\000I\000n\000t\000r\000o\000d\000u\000c\000t\000i\000o\000n\000\040\000t\000o\000\040\000D\000N\000S\000\040\000S\000e\000c\000u\000r\000i\000t\000y\000\040\000E\000x\000t\000e\000n\000s\000i\000o\000n}{}% 18
\BOOKMARK [1][-]{section.3.1}{\376\377\000D\000N\000S\000S\000E\000C\000\040\000B\000a\000c\000k\000g\000r\000o\000u\000n\000d}{chapter.3}% 19
\BOOKMARK [1][-]{section.3.2}{\376\377\000N\000e\000w\000\040\000D\000N\000S\000\040\000R\000e\000s\000o\000u\000r\000c\000e\000\040\000R\000e\000c\000o\000r\000d\000s}{chapter.3}% 20
\BOOKMARK [2][-]{subsection.3.2.1}{\376\377\000R\000e\000s\000o\000u\000r\000c\000e\000\040\000R\000e\000c\000o\000r\000d\000\040\000S\000e\000t}{section.3.2}% 21
\BOOKMARK [2][-]{subsection.3.2.2}{\376\377\000R\000e\000s\000o\000u\000r\000c\000e\000\040\000R\000e\000c\000o\000r\000d\000\040\000S\000i\000g\000n\000a\000t\000u\000r\000e}{section.3.2}% 22
\BOOKMARK [2][-]{subsection.3.2.3}{\376\377\000D\000N\000S\000K\000E\000Y\000s\000\040\000I\000n\000\040\000G\000e\000n\000e\000r\000a\000l}{section.3.2}% 23
\BOOKMARK [2][-]{subsection.3.2.4}{\376\377\000D\000e\000l\000e\000g\000a\000t\000i\000o\000n\000\040\000S\000i\000g\000n\000e\000r}{section.3.2}% 24
\BOOKMARK [2][-]{subsection.3.2.5}{\376\377\000N\000e\000x\000t\000\040\000S\000e\000c\000u\000r\000e\000\040\000R\000e\000c\000o\000r\000d\000s}{section.3.2}% 25
\BOOKMARK [1][-]{section.3.3}{\376\377\000C\000h\000a\000i\000n\000\040\000O\000f\000\040\000T\000r\000u\000s\000t}{chapter.3}% 26
\BOOKMARK [1][-]{section.3.4}{\376\377\000K\000e\000y\000\040\000R\000o\000l\000l\000o\000v\000e\000r\000s}{chapter.3}% 27
\BOOKMARK [1][-]{section.3.5}{\376\377\000D\000N\000S\000S\000E\000C\000\040\000O\000p\000t\000i\000o\000n\000s}{chapter.3}% 28
\BOOKMARK [2][-]{subsection.3.5.1}{\376\377\000D\000N\000S\000S\000E\000C\000\040\000P\000o\000l\000i\000c\000y}{section.3.5}% 29
\BOOKMARK [2][-]{subsection.3.5.2}{\376\377\000S\000i\000g\000n\000i\000n\000g}{section.3.5}% 30
\BOOKMARK [1][-]{section.3.6}{\376\377\000D\000N\000S\000S\000E\000C\000\040\000I\000n\000\040\000T\000h\000e\000\040\000E\000n\000v\000i\000r\000o\000n\000m\000e\000n\000t}{chapter.3}% 31
\BOOKMARK [1][-]{section.3.7}{\376\377\000S\000i\000m\000u\000l\000a\000t\000e\000d\000\040\000A\000t\000t\000a\000c\000k\000s\000\040\000w\000i\000t\000h\000\040\000D\000N\000S\000S\000E\000C\000\040\000E\000n\000a\000b\000l\000e\000d}{chapter.3}% 32
\BOOKMARK [2][-]{subsection.3.7.1}{\376\377\000C\000o\000r\000r\000u\000p\000t\000i\000n\000g\000\040\000D\000N\000S\000\040\000D\000a\000t\000a}{section.3.7}% 33
\BOOKMARK [0][-]{chapter.4}{\376\377\000A\000l\000g\000o\000r\000i\000t\000h\000m\000s\000\040\000a\000n\000d\000\040\000D\000a\000t\000a\000\040\000S\000t\000r\000u\000c\000t\000u\000r\000e\000s\000\040\000F\000o\000r\000\040\000D\000N\000S\000S\000E\000C}{}% 34
\BOOKMARK [1][-]{section.4.1}{\376\377\000A\000n\000\040\000I\000n\000t\000r\000o\000d\000u\000c\000t\000i\000o\000n\000\040\000t\000o\000\040\000D\000N\000S\000S\000E\000C\000\040\000S\000i\000g\000n\000i\000n\000g}{chapter.4}% 35
\BOOKMARK [2][-]{subsection.4.1.1}{\376\377\000C\000i\000p\000h\000e\000r\000\040\000S\000u\000i\000t\000e\000s}{section.4.1}% 36
\BOOKMARK [2][-]{subsection.4.1.2}{\376\377\000H\000a\000s\000h\000i\000n\000g}{section.4.1}% 37
\BOOKMARK [2][-]{subsection.4.1.3}{\376\377\000S\000i\000g\000n\000i\000n\000g}{section.4.1}% 38
\BOOKMARK [2][-]{subsection.4.1.4}{\376\377\000K\000e\000y\000\040\000C\000o\000n\000v\000e\000r\000s\000i\000o\000n}{section.4.1}% 39
\BOOKMARK [1][-]{section.4.2}{\376\377\000R\000R\000S\000I\000G\000\040\000C\000o\000n\000s\000t\000r\000u\000c\000t\000i\000o\000n}{chapter.4}% 40
\BOOKMARK [1][-]{section.4.3}{\376\377\000O\000p\000e\000n\000S\000S\000L}{chapter.4}% 41
\BOOKMARK [0][-]{chapter.5}{\376\377\000P\000r\000o\000g\000r\000a\000m\000m\000i\000n\000g\000\040\000t\000h\000e\000\040\000S\000i\000g\000n\000a\000t\000u\000r\000e\000\040\000a\000n\000d\000\040\000V\000a\000l\000i\000d\000a\000t\000i\000o\000n\000\040\000o\000f\000\040\000S\000e\000v\000e\000r\000a\000l\000\040\000D\000N\000S\000S\000E\000C\000\040\000R\000e\000s\000o\000u\000r\000c\000e\000\040\000R\000e\000c\000o\000r\000d\000s}{}% 42
\BOOKMARK [1][-]{section.5.1}{\376\377\000M\000a\000i\000n\000\040\000F\000u\000n\000c\000t\000i\000o\000n\000a\000l\000i\000t\000y}{chapter.5}% 43
\BOOKMARK [1][-]{section.5.2}{\376\377\000K\000e\000y\000\040\000C\000o\000n\000v\000e\000r\000s\000i\000o\000n}{chapter.5}% 44
\BOOKMARK [1][-]{section.5.3}{\376\377\000C\000o\000n\000v\000e\000r\000t\000i\000n\000g\000\040\000B\000a\000s\000e\0006\0004\000\040\000D\000a\000t\000a}{chapter.5}% 45
\BOOKMARK [1][-]{section.5.4}{\376\377\000H\000a\000s\000h\000i\000n\000g\000\040\000t\000h\000e\000\040\000D\000a\000t\000a}{chapter.5}% 46
\BOOKMARK [1][-]{section.5.5}{\376\377\000S\000i\000g\000n\000i\000n\000g\000\040\000t\000h\000e\000\040\000D\000a\000t\000a}{chapter.5}% 47
\BOOKMARK [1][-]{section.5.6}{\376\377\000V\000e\000r\000i\000f\000y\000i\000n\000g\000\040\000t\000h\000e\000\040\000S\000i\000g\000n\000a\000t\000u\000r\000e}{chapter.5}% 48
\BOOKMARK [1][-]{section.5.7}{\376\377\000G\000e\000n\000e\000r\000a\000t\000i\000n\000g\000\040\000a\000n\000d\000\040\000V\000a\000l\000i\000d\000a\000t\000i\000n\000g\000\040\000a\000n\000\040\000A\000\040\000R\000R\000S\000I\000G\000\040\000R\000e\000c\000o\000r\000d}{chapter.5}% 49
\BOOKMARK [1][-]{section.5.8}{\376\377\000G\000e\000n\000e\000r\000a\000t\000i\000n\000g\000\040\000a\000n\000d\000\040\000V\000a\000l\000i\000d\000a\000t\000i\000n\000g\000\040\000a\000n\000\040\000N\000S\000\040\000R\000R\000S\000I\000G\000\040\000R\000e\000c\000o\000r\000d}{chapter.5}% 50
\BOOKMARK [1][-]{section.5.9}{\376\377\000G\000e\000n\000e\000r\000a\000t\000i\000n\000g\000\040\000a\000n\000d\000\040\000V\000a\000l\000i\000d\000a\000t\000i\000n\000g\000\040\000a\000n\000\040\000D\000N\000S\000K\000E\000Y\000\040\000R\000R\000S\000I\000G\000\040\000R\000e\000c\000o\000r\000d}{chapter.5}% 51
\BOOKMARK [0][-]{appendix.A}{\376\377\000A\000p\000p\000e\000n\000d\000i\000x}{}% 52
\BOOKMARK [1][-]{section.A.1}{\376\377\000P\000r\000o\000c\000e\000d\000u\000r\000e\000\040\000M\000a\000n\000u\000a\000l}{appendix.A}% 53
